<?xml version="1.0" encoding="UTF-8"?>
<!-- Generated by org.testng.reporters.JUnitReportReporter -->
<testsuite skipped="0" hostname="ShruthiJayakumar" name="Demo.orangeHrmWebsite" tests="2" failures="0" timestamp="2020-10-02T19:49:02 IST" time="23.283" errors="0">
  <testcase name="f" time="14.833" classname="Demo.orangeHrmWebsite"/>
  <system-out/>
  <testcase name="f" time="8.450" classname="Demo.orangeHrmWebsite"/>
  <system-out/>
</testsuite> <!-- Demo.orangeHrmWebsite -->
